<?xml version="1.0" encoding="UTF-8"?>
<!-- Generated by org.testng.reporters.JUnitReportReporter -->
<testsuite hostname="5CG1418WXV" failures="0" tests="3" name="TestCases.DataProviderTest" time="0.009" errors="0" timestamp="2025-08-29T11:55:35 IST" skipped="0">
  <testcase classname="TestCases.DataProviderTest" name="GetDataFromDataProvider" time="0.004">
    <system-out>
      <![CDATA[this is Data provider class]]>
    </system-out>
  </testcase> <!-- GetDataFromDataProvider -->
  <testcase classname="TestCases.DataProviderTest" name="GetDataFromDataProvider" time="0.004">
    <system-out>
      <![CDATA[this is Data provider class]]>
    </system-out>
  </testcase> <!-- GetDataFromDataProvider -->
  <testcase classname="TestCases.DataProviderTest" name="GetDataFromDataProvider" time="0.001">
    <system-out>
      <![CDATA[this is Data provider class]]>
    </system-out>
  </testcase> <!-- GetDataFromDataProvider -->
  <system-out>
    <![CDATA[this is Data provider class
this is Data provider class
this is Data provider class]]>
  </system-out>
</testsuite> <!-- TestCases.DataProviderTest -->
