<?xml version="1.0" encoding="UTF-8"?>
<!-- Generated by org.testng.reporters.JUnitReportReporter -->
<testsuite hostname="5CG1418WXV" failures="0" tests="4" name="TestCases.EnableParameter" time="0.008" errors="0" timestamp="2025-08-29T11:55:35 IST" skipped="1">
  <testcase classname="TestCases.EnableParameter" name="test3" time="0.002"/>
  <testcase classname="TestCases.EnableParameter" name="test4" time="0.002"/>
  <testcase classname="TestCases.EnableParameter" name="test1" time="0.004"/>
  <testcase classname="TestCases.EnableParameter" name="test2">
    <skipped/>
  </testcase> <!-- test2 -->
  <system-out>
    <![CDATA[this is Data provider class
this is Data provider class
this is Data provider class]]>
  </system-out>
</testsuite> <!-- TestCases.EnableParameter -->
