<?xml version="1.0" encoding="UTF-8"?>
<!-- Generated by org.testng.reporters.JUnitReportReporter -->
<testsuite hostname="5CG1418WXV" failures="0" tests="7" name="TestCases.AllPracticeTestNG" time="0.022" errors="0" timestamp="2025-08-29T16:07:34 IST" skipped="1">
  <testcase classname="TestCases.AllPracticeTestNG" name="PacticeTest3" time="0.003"/>
  <testcase classname="TestCases.AllPracticeTestNG" name="PacticeTest1" time="0.001"/>
  <testcase classname="TestCases.AllPracticeTestNG" name="PacticeTest5" time="0.002"/>
  <testcase classname="TestCases.AllPracticeTestNG" name="PacticeTest7" time="0.002"/>
  <testcase classname="TestCases.AllPracticeTestNG" name="PacticeTest5" time="0.002"/>
  <testcase classname="TestCases.AllPracticeTestNG" name="PacticeTest1" time="0.012"/>
  <testcase classname="TestCases.AllPracticeTestNG" name="PacticeTest4">
    <skipped/>
  </testcase> <!-- PacticeTest4 -->
</testsuite> <!-- TestCases.AllPracticeTestNG -->
