<?xml version="1.0" encoding="UTF-8"?>
<!-- Generated by org.testng.reporters.JUnitReportReporter -->
<testsuite hostname="5CG1418WXV" failures="0" tests="1" name="TestNGListers.LoginToGuru99" time="14.914" errors="0" timestamp="2025-09-03T11:51:59 IST" skipped="0">
  <testcase classname="TestNGListers.LoginToGuru99" name="logintoguru" time="14.914"/>
</testsuite> <!-- TestNGListers.LoginToGuru99 -->
