<?xml version="1.0" encoding="UTF-8"?>
<!-- Generated by org.testng.reporters.JUnitReportReporter -->
<testsuite hostname="5CG1418WXV" failures="0" tests="4" name="TestCases.ParallelExecutionTest" time="0.016" errors="0" timestamp="2025-08-29T11:55:35 IST" skipped="0">
  <testcase classname="TestCases.ParallelExecutionTest" name="Test4" time="0.002"/>
  <testcase classname="TestCases.ParallelExecutionTest" name="Test3" time="0.002"/>
  <testcase classname="TestCases.ParallelExecutionTest" name="Test1" time="0.010"/>
  <testcase classname="TestCases.ParallelExecutionTest" name="Test2" time="0.002"/>
  <system-out>
    <![CDATA[this is Data provider class
this is Data provider class
this is Data provider class]]>
  </system-out>
</testsuite> <!-- TestCases.ParallelExecutionTest -->
