<?xml version="1.0" encoding="UTF-8"?>
<!-- Generated by org.testng.reporters.JUnitReportReporter -->
<testsuite hostname="5CG1418WXV" failures="0" tests="3" name="TestCases.AnnottionsInTestNG" time="0.029" errors="0" timestamp="2025-08-29T11:55:35 IST" skipped="0">
  <testcase classname="TestCases.AnnottionsInTestNG" name="testcase3" time="0.003"/>
  <testcase classname="TestCases.AnnottionsInTestNG" name="testcase1" time="0.003"/>
  <testcase classname="TestCases.AnnottionsInTestNG" name="testcase2" time="0.023"/>
  <system-out>
    <![CDATA[this is Data provider class
this is Data provider class
this is Data provider class]]>
  </system-out>
</testsuite> <!-- TestCases.AnnottionsInTestNG -->
