<?xml version="1.0" encoding="UTF-8"?>
<!-- Generated by org.testng.reporters.JUnitReportReporter -->
<testsuite hostname="5CG1418WXV" failures="0" tests="5" name="TestCases.Priority" time="0.010" errors="0" timestamp="2025-08-29T11:55:35 IST" skipped="0">
  <testcase classname="TestCases.Priority" name="xyz" time="0.001"/>
  <testcase classname="TestCases.Priority" name="lmn" time="0.003"/>
  <testcase classname="TestCases.Priority" name="omn" time="0.001"/>
  <testcase classname="TestCases.Priority" name="abc" time="0.001"/>
  <testcase classname="TestCases.Priority" name="ghj" time="0.004"/>
  <system-out>
    <![CDATA[this is Data provider class
this is Data provider class
this is Data provider class]]>
  </system-out>
</testsuite> <!-- TestCases.Priority -->
