<?xml version="1.0" encoding="UTF-8"?>
<!-- Generated by org.testng.reporters.JUnitReportReporter -->
<testsuite hostname="5CG1418WXV" failures="0" tests="3" name="TestCases.expectedExceptionTest" time="0.005" errors="0" timestamp="2025-08-29T11:55:35 IST" skipped="0">
  <testcase classname="TestCases.expectedExceptionTest" name="exceptionTest3" time="0.002"/>
  <testcase classname="TestCases.expectedExceptionTest" name="exceptionTest1" time="0.001"/>
  <testcase classname="TestCases.expectedExceptionTest" name="exceptionTest2" time="0.002"/>
  <system-out>
    <![CDATA[this is Data provider class
this is Data provider class
this is Data provider class]]>
  </system-out>
</testsuite> <!-- TestCases.expectedExceptionTest -->
