<?xml version="1.0" encoding="UTF-8"?>
<!-- Generated by org.testng.reporters.JUnitReportReporter -->
<testsuite hostname="5CG1418WXV" failures="0" tests="2" name="TestCases.ParallelExecutionTest2" time="0.004" errors="0" timestamp="2025-08-29T11:55:35 IST" skipped="0">
  <testcase classname="TestCases.ParallelExecutionTest2" name="test5" time="0.002"/>
  <testcase classname="TestCases.ParallelExecutionTest2" name="test6" time="0.002"/>
  <system-out>
    <![CDATA[this is Data provider class
this is Data provider class
this is Data provider class]]>
  </system-out>
</testsuite> <!-- TestCases.ParallelExecutionTest2 -->
