<?xml version="1.0" encoding="UTF-8"?>
<!-- Generated by org.testng.reporters.JUnitReportReporter -->
<testsuite hostname="5CG1418WXV" failures="0" tests="4" name="TestCases.ParalleExecutionTest" time="0.093" errors="0" timestamp="2025-08-29T10:38:47 IST" skipped="0">
  <testcase classname="TestCases.ParalleExecutionTest" name="Test3" time="0.006"/>
  <testcase classname="TestCases.ParalleExecutionTest" name="Test4" time="0.003"/>
  <testcase classname="TestCases.ParalleExecutionTest" name="Test1" time="0.042"/>
  <testcase classname="TestCases.ParalleExecutionTest" name="Test2" time="0.042"/>
</testsuite> <!-- TestCases.ParalleExecutionTest -->
