<?xml version="1.0" encoding="UTF-8"?>
<!-- Generated by org.testng.reporters.JUnitReportReporter -->
<testsuite hostname="5CG1418WXV" failures="0" tests="6" name="TestCases.InvocationCount" time="0.072" errors="0" timestamp="2025-08-29T11:55:35 IST" skipped="0">
  <testcase classname="TestCases.InvocationCount" name="InvocationMethod2" time="0.013"/>
  <testcase classname="TestCases.InvocationCount" name="InvocationMethod2" time="0.014"/>
  <testcase classname="TestCases.InvocationCount" name="InvocationMethod2" time="0.015"/>
  <testcase classname="TestCases.InvocationCount" name="InvocationMethod2" time="0.013"/>
  <testcase classname="TestCases.InvocationCount" name="InvocationMethod1" time="0.004"/>
  <testcase classname="TestCases.InvocationCount" name="InvocationMethod2" time="0.013"/>
  <system-out>
    <![CDATA[this is Data provider class
this is Data provider class
this is Data provider class]]>
  </system-out>
</testsuite> <!-- TestCases.InvocationCount -->
