<?xml version="1.0" encoding="UTF-8"?>
<!-- Generated by org.testng.reporters.JUnitReportReporter -->
<testsuite hostname="5CG1418WXV" failures="0" tests="1" name="Tests.PostRequest1" time="6.673" errors="0" timestamp="2025-09-03T09:19:36 IST" skipped="0">
  <testcase classname="Tests.PostRequest1" name="postReq" time="6.673"/>
</testsuite> <!-- Tests.PostRequest1 -->
