<?xml version="1.0" encoding="UTF-8"?>
<!-- Generated by org.testng.reporters.JUnitReportReporter -->
<testsuite hostname="5CG1418WXV" failures="0" tests="1" name="Tests.ReadDataFromJSONFile" time="1.136" errors="0" timestamp="2025-08-22T10:45:52 IST" skipped="0">
  <testcase classname="Tests.ReadDataFromJSONFile" name="readData" time="1.136"/>
</testsuite> <!-- Tests.ReadDataFromJSONFile -->
