<?xml version="1.0" encoding="UTF-8"?>
<!-- Generated by org.testng.reporters.JUnitReportReporter -->
<testsuite hostname="5CG1418WXV" failures="0" tests="1" name="Tests.MyFirstAPI" time="3.845" errors="0" timestamp="2025-08-22T11:48:26 IST" skipped="0">
  <testcase classname="Tests.MyFirstAPI" name="test_2" time="3.845"/>
</testsuite> <!-- Tests.MyFirstAPI -->
