<?xml version="1.0" encoding="UTF-8"?>
<!-- Generated by org.testng.reporters.JUnitReportReporter -->
<testsuite hostname="5CG1418WXV" failures="0" tests="1" name="com.blessing.rest.GETRequestValidateResposeAsJsonFile" time="4.728" errors="0" timestamp="2025-09-12T11:22:02 IST" skipped="0">
  <testcase classname="com.blessing.rest.GETRequestValidateResposeAsJsonFile" name="getBookingDetails" time="4.728"/>
</testsuite> <!-- com.blessing.rest.GETRequestValidateResposeAsJsonFile -->
