<?xml version="1.0" encoding="UTF-8"?>
<!-- Generated by org.testng.reporters.JUnitReportReporter -->
<testsuite hostname="5CG1418WXV" failures="0" tests="1" name="com.blessing.rest.POSTRequestTestSerialization" time="6.060" errors="0" timestamp="2025-08-25T15:03:27 IST" skipped="0">
  <testcase classname="com.blessing.rest.POSTRequestTestSerialization" name="CreateBooking" time="6.060"/>
</testsuite> <!-- com.blessing.rest.POSTRequestTestSerialization -->
