<?xml version="1.0" encoding="UTF-8"?>
<!-- Generated by org.testng.reporters.JUnitReportReporter -->
<testsuite hostname="5CG1418WXV" failures="0" tests="1" name="com.blessing.rest.POSTWithJsonObject" time="3.813" errors="0" timestamp="2025-09-12T13:13:22 IST" skipped="0">
  <testcase classname="com.blessing.rest.POSTWithJsonObject" name="TestPost" time="3.813"/>
</testsuite> <!-- com.blessing.rest.POSTWithJsonObject -->
