<?xml version="1.0" encoding="UTF-8"?>
<!-- Generated by org.testng.reporters.JUnitReportReporter -->
<testsuite hostname="5CG1418WXV" failures="0" tests="1" name="com.blessing.rest.GETRequest" time="6.443" errors="0" timestamp="2025-09-12T09:35:49 IST" skipped="0">
  <testcase classname="com.blessing.rest.GETRequest" name="getBookingDetails" time="6.443"/>
</testsuite> <!-- com.blessing.rest.GETRequest -->
