<?xml version="1.0" encoding="UTF-8"?>
<!-- Generated by org.testng.reporters.JUnitReportReporter -->
<testsuite hostname="5CG1418WXV" failures="0" tests="1" name="com.blessing.rest.POSTRequest" time="5.542" errors="0" timestamp="2025-08-22T14:51:19 IST" skipped="0">
  <testcase classname="com.blessing.rest.POSTRequest" name="POSTRequestToCreateBooking" time="5.542"/>
</testsuite> <!-- com.blessing.rest.POSTRequest -->
