<?xml version="1.0" encoding="UTF-8"?>
<!-- Generated by org.testng.reporters.JUnitReportReporter -->
<testsuite hostname="5CG1418WXV" failures="0" tests="1" name="com.blessing.rest.POSTRequestWithSerialization" time="4.691" errors="0" timestamp="2025-08-22T19:35:57 IST" skipped="0">
  <testcase classname="com.blessing.rest.POSTRequestWithSerialization" name="CreateBooking" time="4.691"/>
</testsuite> <!-- com.blessing.rest.POSTRequestWithSerialization -->
