<?xml version="1.0" encoding="UTF-8"?>
<!-- Generated by org.testng.reporters.JUnitReportReporter -->
<testsuite hostname="5CG1418WXV" failures="0" tests="1" name="com.blessing.rest.POSTRequestReadPayloadFromJSON" time="6.699" errors="0" timestamp="2025-09-12T10:19:05 IST" skipped="0">
  <testcase classname="com.blessing.rest.POSTRequestReadPayloadFromJSON" name="POSTRequestWithPayLoadFromJsonFile" time="6.699"/>
</testsuite> <!-- com.blessing.rest.POSTRequestReadPayloadFromJSON -->
