<?xml version="1.0" encoding="UTF-8"?>
<!-- Generated by org.testng.reporters.JUnitReportReporter -->
<testsuite hostname="5CG1418WXV" failures="0" tests="1" name="com.blessing.rest.GetAuthorizationToken" time="3.729" errors="0" timestamp="2025-08-22T15:22:44 IST" skipped="0">
  <testcase classname="com.blessing.rest.GetAuthorizationToken" name="getAccessToken" time="3.729"/>
</testsuite> <!-- com.blessing.rest.GetAuthorizationToken -->
