<?xml version="1.0" encoding="UTF-8"?>
<!-- Generated by org.testng.reporters.JUnitReportReporter -->
<testsuite hostname="5CG1418WXV" failures="0" tests="1" name="com.blessing.rest.POSTRequestThenGET" time="15.988" errors="0" timestamp="2025-09-12T09:38:58 IST" skipped="0">
  <testcase classname="com.blessing.rest.POSTRequestThenGET" name="POSTRequestToCreateBooking" time="15.988"/>
</testsuite> <!-- com.blessing.rest.POSTRequestThenGET -->
