<?xml version="1.0" encoding="UTF-8"?>
<!-- Generated by org.testng.reporters.JUnitReportReporter -->
<testsuite hostname="5CG1418WXV" failures="0" tests="2" name="com.shop.grocery.LoginToDemoShop" time="20.186" errors="0" timestamp="2025-08-20T20:25:08 IST" skipped="0">
  <testcase classname="com.shop.grocery.LoginToDemoShop" name="lauchWebShop" time="9.853"/>
  <testcase classname="com.shop.grocery.LoginToDemoShop" name="lauchWebShop" time="10.333"/>
</testsuite> <!-- com.shop.grocery.LoginToDemoShop -->
