<?xml version="1.0" encoding="UTF-8"?>
<!-- Generated by org.testng.reporters.JUnitReportReporter -->
<testsuite hostname="5CG1418WXV" failures="0" tests="1" name="com.shop.grocery.SwitchFromHomePagetoCardPage" time="14.196" errors="0" timestamp="2025-09-09T22:12:06 IST" skipped="0">
  <testcase classname="com.shop.grocery.SwitchFromHomePagetoCardPage" name="userClicksOnShoppingCarrLink" time="14.196"/>
</testsuite> <!-- com.shop.grocery.SwitchFromHomePagetoCardPage -->
