<?xml version="1.0" encoding="UTF-8"?>
<!-- Generated by org.testng.reporters.JUnitReportReporter -->
<testsuite hostname="5CG1418WXV" failures="0" tests="1" name="com.shop.grocery.Orderbooks" time="12.266" errors="0" timestamp="2025-08-26T16:32:39 IST" skipped="0">
  <testcase classname="com.shop.grocery.Orderbooks" name="orderBooks" time="12.266"/>
</testsuite> <!-- com.shop.grocery.Orderbooks -->
