<?xml version="1.0" encoding="UTF-8"?>
<!-- Generated by org.testng.reporters.JUnitReportReporter -->
<testsuite hostname="5CG1418WXV" failures="0" tests="1" name="com.shop.grocery.DataReadFromJsonFile" time="0.299" errors="0" timestamp="2025-08-29T15:21:40 IST" skipped="0">
  <testcase classname="com.shop.grocery.DataReadFromJsonFile" name="readDataFromJson" time="0.299"/>
</testsuite> <!-- com.shop.grocery.DataReadFromJsonFile -->
