<?xml version="1.0" encoding="UTF-8"?>
<!-- Generated by org.testng.reporters.JUnitReportReporter -->
<testsuite hostname="5CG1418WXV" failures="0" tests="1" name="com.shop.grocery.testBrokenLinks" time="112.949" errors="0" timestamp="2025-09-10T14:19:00 IST" skipped="0">
  <testcase classname="com.shop.grocery.testBrokenLinks" name="checkBrokenLinkstest" time="112.949"/>
</testsuite> <!-- com.shop.grocery.testBrokenLinks -->
