<?xml version="1.0" encoding="UTF-8"?>
<!-- Generated by org.testng.reporters.JUnitReportReporter -->
<testsuite hostname="5CG1418WXV" failures="0" tests="2" name="com.shop.grocery.CrossBrowserTesting" time="12.637" errors="0" timestamp="2025-08-21T13:32:41 IST" skipped="0">
  <testcase classname="com.shop.grocery.CrossBrowserTesting" name="loginToWebShop" time="6.438"/>
  <testcase classname="com.shop.grocery.CrossBrowserTesting" name="loginToWebShop" time="6.199"/>
</testsuite> <!-- com.shop.grocery.CrossBrowserTesting -->
